161028 14:53:36 [DEBUG][findPicture]: Tolerance to check is 0.960000
161028 14:53:36 [DEBUG][findPicture]: *************Start of findPicture
161028 14:53:36 [DEBUG][findPicture]: The points found will be:
161028 14:53:36 [DEBUG][findPicture]: [{'tolerance': 0.9999226331710815, 'center': (751, 393), 'bottom_right': (806, 406), 'top_left': (697, 380)}]
161028 14:53:36 [DEBUG][findPicture]: *************End of checkPicture
161028 14:53:36 [INFO][checkPicture]: Image start_battle.png found
161028 14:53:36 [INFO][swapMonsters]: -----------------> Analysing right monster...
161028 14:53:36 [INFO][getMonsterInfo]: Clicking for 1 seconds at coords: (359, 223)
161028 14:53:37 [DEBUG][waitForImg]: *************Start of waitForImg
161028 14:53:37 [INFO][waitForImg]: WAITING for: ['close_monster_info.png']
161028 14:53:37 [INFO][waitForImg]: Waiting for maximum 3 seconds
161028 14:53:38 [DEBUG][findPicture]: Tolerance to check is 0.970000
161028 14:53:38 [DEBUG][findPicture]: *************Start of findPicture
161028 14:53:38 [DEBUG][findPicture]: The points found will be:
161028 14:53:38 [DEBUG][findPicture]: [{'tolerance': 0.9998968839645386, 'center': (719, 140), 'bottom_right': (732, 154), 'top_left': (707, 126)}]
161028 14:53:38 [DEBUG][findPicture]: *************End of checkPicture
161028 14:53:38 [INFO][checkPicture]: Image close_monster_info.png found
161028 14:53:38 [DEBUG][waitForImg]: waitForImg will return:
161028 14:53:38 [DEBUG][waitForImg]: {'res': True, 'points': [{'tolerance': 0.9998968839645386, 'center': (719, 140), 'bottom_right': (732, 154), 'top_left': (707, 126)}], 'name': 'close_monster_info.png'}
161028 14:53:38 [DEBUG][waitForImg]: *************End of waitForImg
161028 14:53:39 [DEBUG][findPicture]: Tolerance to check is 0.970000
161028 14:53:39 [DEBUG][findPicture]: *************Start of findPicture
161028 14:53:39 [DEBUG][findPicture]: Could not find a value above tolerance
161028 14:53:39 [DEBUG][findPicture]: *************End of findPicture
161028 14:53:39 [DEBUG][checkPicture]: Best value found for 6_stars_pink.png is: 0.678378
161028 14:53:39 [DEBUG][findPicture]: Tolerance to check is 0.970000
161028 14:53:39 [DEBUG][findPicture]: *************Start of findPicture
161028 14:53:39 [DEBUG][findPicture]: Could not find a value above tolerance
161028 14:53:39 [DEBUG][findPicture]: *************End of findPicture
161028 14:53:39 [DEBUG][checkPicture]: Best value found for 5_stars_pink.png is: 0.694184
161028 14:53:39 [DEBUG][findPicture]: Tolerance to check is 0.970000
161028 14:53:39 [DEBUG][findPicture]: *************Start of findPicture
161028 14:53:39 [DEBUG][findPicture]: Could not find a value above tolerance
161028 14:53:39 [DEBUG][findPicture]: *************End of findPicture
161028 14:53:39 [DEBUG][checkPicture]: Best value found for 4_stars_pink.png is: 0.736232
161028 14:53:39 [DEBUG][findPicture]: Tolerance to check is 0.970000
161028 14:53:39 [DEBUG][findPicture]: *************Start of findPicture
161028 14:53:39 [DEBUG][findPicture]: Could not find a value above tolerance
161028 14:53:39 [DEBUG][findPicture]: *************End of findPicture
161028 14:53:39 [DEBUG][checkPicture]: Best value found for 3_stars_pink.png is: 0.819888
161028 14:53:39 [DEBUG][findPicture]: Tolerance to check is 0.970000
161028 14:53:39 [DEBUG][findPicture]: *************Start of findPicture
161028 14:53:39 [DEBUG][findPicture]: Could not find a value above tolerance
161028 14:53:39 [DEBUG][findPicture]: *************End of findPicture
161028 14:53:39 [DEBUG][checkPicture]: Best value found for 2_stars_pink.png is: 0.767149
161028 14:53:39 [DEBUG][findPicture]: Tolerance to check is 0.970000
161028 14:53:39 [DEBUG][findPicture]: *************Start of findPicture
161028 14:53:39 [DEBUG][findPicture]: Could not find a value above tolerance
161028 14:53:39 [DEBUG][findPicture]: *************End of findPicture
161028 14:53:39 [DEBUG][checkPicture]: Best value found for 1_stars_pink.png is: 0.769775
161028 14:53:39 [DEBUG][findPicture]: Tolerance to check is 0.970000
161028 14:53:39 [DEBUG][findPicture]: *************Start of findPicture
161028 14:53:39 [DEBUG][findPicture]: Could not find a value above tolerance
161028 14:53:39 [DEBUG][findPicture]: *************End of findPicture
161028 14:53:39 [DEBUG][checkPicture]: Best value found for 4_stars_grey.png is: 0.780210
161028 14:53:39 [DEBUG][findPicture]: Tolerance to check is 0.970000
161028 14:53:39 [DEBUG][findPicture]: *************Start of findPicture
161028 14:53:39 [DEBUG][findPicture]: Could not find a value above tolerance
161028 14:53:39 [DEBUG][findPicture]: *************End of findPicture
161028 14:53:39 [DEBUG][checkPicture]: Best value found for 3_stars_grey.png is: 0.877777
161028 14:53:39 [DEBUG][findPicture]: Tolerance to check is 0.970000
161028 14:53:39 [DEBUG][findPicture]: *************Start of findPicture
161028 14:53:39 [DEBUG][findPicture]: Could not find a value above tolerance
161028 14:53:39 [DEBUG][findPicture]: *************End of findPicture
161028 14:53:39 [DEBUG][checkPicture]: Best value found for 2_stars_grey.png is: 0.802662
161028 14:53:39 [DEBUG][findPicture]: Tolerance to check is 0.970000
161028 14:53:39 [DEBUG][findPicture]: *************Start of findPicture
161028 14:53:39 [DEBUG][findPicture]: Could not find a value above tolerance
161028 14:53:39 [DEBUG][findPicture]: *************End of findPicture
161028 14:53:39 [DEBUG][checkPicture]: Best value found for 1_stars_grey.png is: 0.760150
161028 14:53:39 [DEBUG][findPicture]: Tolerance to check is 0.970000
161028 14:53:39 [DEBUG][findPicture]: *************Start of findPicture
161028 14:53:39 [DEBUG][findPicture]: Could not find a value above tolerance
161028 14:53:39 [DEBUG][findPicture]: *************End of findPicture
161028 14:53:39 [DEBUG][checkPicture]: Best value found for 6_stars_yellow.png is: 0.792039
161028 14:53:39 [DEBUG][findPicture]: Tolerance to check is 0.970000
161028 14:53:39 [DEBUG][findPicture]: *************Start of findPicture
161028 14:53:39 [DEBUG][findPicture]: Could not find a value above tolerance
161028 14:53:39 [DEBUG][findPicture]: *************End of findPicture
161028 14:53:39 [DEBUG][checkPicture]: Best value found for 5_stars_yellow.png is: 0.831129
161028 14:53:39 [DEBUG][findPicture]: Tolerance to check is 0.970000
161028 14:53:39 [DEBUG][findPicture]: *************Start of findPicture
161028 14:53:39 [DEBUG][extractAlpha]: Mask detected
161028 14:53:39 [DEBUG][findPicture]: Could not find a value above tolerance
161028 14:53:39 [DEBUG][findPicture]: *************End of findPicture
161028 14:53:39 [DEBUG][checkPicture]: Best value found for 4_stars_yellow.png is: 0.885729
161028 14:53:39 [DEBUG][findPicture]: Tolerance to check is 0.970000
161028 14:53:39 [DEBUG][findPicture]: *************Start of findPicture
161028 14:53:39 [DEBUG][findPicture]: The points found will be:
161028 14:53:39 [DEBUG][findPicture]: [{'tolerance': 0.9998551607131958, 'center': (98, 51), 'bottom_right': (123, 64), 'top_left': (73, 39)}]
161028 14:53:39 [DEBUG][findPicture]: *************End of checkPicture
161028 14:53:39 [INFO][checkPicture]: Image 3_stars_yellow.png found
161028 14:53:39 [DEBUG][findPicture]: Tolerance to check is 0.950000
161028 14:53:39 [DEBUG][findPicture]: *************Start of findPicture
161028 14:53:39 [DEBUG][findPicture]: Could not find a value above tolerance
161028 14:53:39 [DEBUG][findPicture]: *************End of findPicture
161028 14:53:39 [DEBUG][checkPicture]: Best value found for 3_stars_max.png is: 0.870897
161028 14:53:39 [INFO][getMonsterInfo]: -----------------> monster with 3 yellow stars is not maxed
161028 14:53:39 [INFO][clickAndReturnMouse]: CLICK
161028 14:53:41 [DEBUG][findPicture]: Tolerance to check is 0.970000
161028 14:53:41 [DEBUG][findPicture]: *************Start of findPicture
161028 14:53:41 [DEBUG][findPicture]: Could not find a value above tolerance
161028 14:53:41 [DEBUG][findPicture]: *************End of findPicture
161028 14:53:41 [DEBUG][checkPicture]: Best value found for close_monster_info.png is: 0.917989
161028 14:53:41 [INFO][swapMonsters]: -----------------> Analysing left monster...
161028 14:53:41 [INFO][getMonsterInfo]: Clicking for 1 seconds at coords: (198, 230)
161028 14:53:42 [DEBUG][waitForImg]: *************Start of waitForImg
161028 14:53:42 [INFO][waitForImg]: WAITING for: ['close_monster_info.png']
161028 14:53:42 [INFO][waitForImg]: Waiting for maximum 3 seconds
161028 14:53:43 [DEBUG][findPicture]: Tolerance to check is 0.970000
161028 14:53:43 [DEBUG][findPicture]: *************Start of findPicture
161028 14:53:43 [DEBUG][findPicture]: The points found will be:
161028 14:53:43 [DEBUG][findPicture]: [{'tolerance': 0.9998847246170044, 'center': (719, 140), 'bottom_right': (732, 154), 'top_left': (707, 126)}]
161028 14:53:43 [DEBUG][findPicture]: *************End of checkPicture
161028 14:53:43 [INFO][checkPicture]: Image close_monster_info.png found
161028 14:53:43 [DEBUG][waitForImg]: waitForImg will return:
161028 14:53:43 [DEBUG][waitForImg]: {'res': True, 'points': [{'tolerance': 0.9998847246170044, 'center': (719, 140), 'bottom_right': (732, 154), 'top_left': (707, 126)}], 'name': 'close_monster_info.png'}
161028 14:53:43 [DEBUG][waitForImg]: *************End of waitForImg
161028 14:53:44 [DEBUG][findPicture]: Tolerance to check is 0.970000
161028 14:53:44 [DEBUG][findPicture]: *************Start of findPicture
161028 14:53:44 [DEBUG][findPicture]: The points found will be:
161028 14:53:44 [DEBUG][findPicture]: [{'tolerance': 0.9998656511306763, 'center': (115, 52), 'bottom_right': (158, 65), 'top_left': (73, 39)}]
161028 14:53:44 [DEBUG][findPicture]: *************End of checkPicture
161028 14:53:44 [INFO][checkPicture]: Image 6_stars_pink.png found
161028 14:53:44 [DEBUG][findPicture]: Tolerance to check is 0.950000
161028 14:53:44 [DEBUG][findPicture]: *************Start of findPicture
161028 14:53:44 [DEBUG][findPicture]: Could not find a value above tolerance
161028 14:53:44 [DEBUG][findPicture]: *************End of findPicture
161028 14:53:44 [DEBUG][checkPicture]: Best value found for 6_stars_max.png is: 0.825986
161028 14:53:44 [INFO][getMonsterInfo]: -----------------> monster with 6 pink stars is not maxed
161028 14:53:44 [INFO][clickAndReturnMouse]: CLICK
161028 14:53:45 [DEBUG][findPicture]: Tolerance to check is 0.970000
161028 14:53:45 [DEBUG][findPicture]: *************Start of findPicture
161028 14:53:45 [DEBUG][findPicture]: Could not find a value above tolerance
161028 14:53:45 [DEBUG][findPicture]: *************End of findPicture
161028 14:53:45 [DEBUG][checkPicture]: Best value found for close_monster_info.png is: 0.917989
161028 14:53:45 [INFO][swapMonsters]: -----------------> Analysing bottom monster...
161028 14:53:45 [INFO][getMonsterInfo]: Clicking for 1 seconds at coords: (277, 269)
